{
  "RSpec": {
    "coverage": {
      "/home/vicen/projects/ruby/kanbanflow/app/helpers/application_helper.rb": {
        "lines": [
          1,
          null
        ]
      },
      "/home/vicen/projects/ruby/kanbanflow/app/models/project.rb": {
        "lines": [
          1,
          1,
          1,
          null,
          1,
          null,
          1,
          null,
          1,
          null,
          4,
          null
        ]
      },
      "/home/vicen/projects/ruby/kanbanflow/app/models/application_record.rb": {
        "lines": [
          1,
          1,
          null
        ]
      },
      "/home/vicen/projects/ruby/kanbanflow/app/models/task.rb": {
        "lines": [
          1,
          1,
          null,
          1,
          null,
          1,
          null,
          1,
          null,
          null,
          5,
          9,
          null,
          1,
          null,
          null,
          26,
          null,
          1,
          4,
          null,
          1,
          null,
          1,
          25,
          25,
          null,
          null,
          1,
          1,
          null,
          1,
          null,
          1,
          null,
          null,
          null,
          0,
          null,
          null,
          null,
          null
        ]
      },
      "/home/vicen/projects/ruby/kanbanflow/app/models/user.rb": {
        "lines": [
          1,
          1,
          1,
          1,
          null,
          139,
          null,
          1,
          null,
          null,
          1,
          null,
          1,
          null,
          1,
          29,
          null,
          null,
          1,
          2,
          null,
          null,
          1,
          null,
          1,
          56,
          null,
          null,
          1,
          58,
          58,
          58,
          null,
          null,
          null
        ]
      },
      "/home/vicen/projects/ruby/kanbanflow/app/controllers/application_controller.rb": {
        "lines": [
          1,
          1,
          null,
          1,
          null,
          null,
          1,
          null
        ]
      },
      "/home/vicen/projects/ruby/kanbanflow/app/controllers/concerns/authentication.rb": {
        "lines": [
          1,
          1,
          null,
          1,
          1,
          1,
          null,
          null,
          1,
          1,
          1,
          null,
          null,
          null,
          1,
          1,
          7,
          null,
          null,
          1,
          16,
          null,
          null,
          1,
          23,
          null,
          null,
          1,
          16,
          null,
          null,
          1,
          4,
          4,
          null,
          null,
          1,
          12,
          null,
          null,
          1,
          12,
          12,
          12,
          null,
          null,
          null,
          1,
          0,
          0,
          null,
          null
        ]
      },
      "/home/vicen/projects/ruby/kanbanflow/app/models/session.rb": {
        "lines": [
          1,
          1,
          null
        ]
      },
      "/home/vicen/projects/ruby/kanbanflow/app/controllers/api/v1/projects_controller.rb": {
        "lines": [
          1,
          1,
          1,
          1,
          null,
          null,
          null,
          1,
          1,
          null,
          null,
          null,
          null,
          null,
          null,
          1,
          null,
          null,
          null,
          null,
          1,
          2,
          2,
          1,
          null,
          1,
          null,
          null,
          null,
          null,
          1,
          2,
          1,
          null,
          1,
          null,
          null,
          null,
          null,
          1,
          1,
          1,
          null,
          null,
          1,
          null,
          1,
          7,
          null,
          3,
          null,
          null,
          1,
          4,
          null,
          null,
          null,
          null
        ]
      },
      "/home/vicen/projects/ruby/kanbanflow/app/controllers/api/v1/base_controller.rb": {
        "lines": [
          1,
          1,
          null,
          null,
          null,
          1,
          null,
          1,
          1,
          1,
          null,
          null,
          1,
          null,
          1,
          null,
          1,
          0,
          null,
          null,
          1,
          null,
          1,
          26,
          26,
          null,
          null,
          26,
          null,
          null,
          1,
          21,
          null,
          null,
          null,
          1,
          11,
          11,
          null,
          null,
          null,
          null
        ]
      },
      "/home/vicen/projects/ruby/kanbanflow/app/controllers/api/v1/tasks_controller.rb": {
        "lines": [
          1,
          1,
          1,
          1,
          1,
          null,
          null,
          null,
          1,
          1,
          1,
          1,
          null,
          null,
          null,
          null,
          1,
          null,
          null,
          null,
          null,
          1,
          2,
          2,
          1,
          null,
          1,
          null,
          null,
          null,
          null,
          1,
          2,
          1,
          null,
          1,
          null,
          null,
          null,
          null,
          1,
          1,
          1,
          null,
          null,
          1,
          null,
          1,
          4,
          null,
          1,
          null,
          null,
          1,
          7,
          null,
          3,
          null,
          null,
          1,
          4,
          null,
          null,
          null,
          null
        ]
      },
      "/home/vicen/projects/ruby/kanbanflow/app/controllers/projects_controller.rb": {
        "lines": [
          1,
          1,
          null,
          1,
          1,
          null,
          null,
          1,
          null,
          1,
          null,
          null,
          null,
          1,
          null,
          null,
          1,
          1,
          null,
          null,
          1,
          2,
          2,
          1,
          null,
          1,
          null,
          null,
          null,
          1,
          null,
          1,
          0,
          0,
          null,
          0,
          null,
          null,
          null,
          1,
          1,
          1,
          null,
          null,
          null,
          1,
          0,
          0,
          0,
          null,
          0,
          null,
          null,
          1,
          null,
          1,
          4,
          null,
          null,
          1,
          2,
          null,
          null
        ]
      },
      "/home/vicen/projects/ruby/kanbanflow/app/models/current.rb": {
        "lines": [
          1,
          1,
          1,
          null
        ]
      },
      "/home/vicen/projects/ruby/kanbanflow/app/controllers/sessions_controller.rb": {
        "lines": [
          1,
          1,
          1,
          null,
          1,
          null,
          null,
          1,
          12,
          12,
          12,
          null,
          0,
          null,
          null,
          null,
          1,
          0,
          0,
          null,
          null
        ]
      },
      "/home/vicen/projects/ruby/kanbanflow/app/controllers/tasks_controller.rb": {
        "lines": [
          1,
          1,
          1,
          null,
          1,
          null,
          1,
          1,
          null,
          null,
          1,
          2,
          2,
          1,
          1,
          2,
          null,
          null,
          1,
          null,
          null,
          null,
          1,
          null,
          1,
          0,
          0,
          null,
          0,
          null,
          null,
          null,
          1,
          1,
          1,
          1,
          null,
          null,
          1,
          null,
          1,
          3,
          null,
          null,
          1,
          1,
          null,
          null,
          1,
          2,
          null,
          null
        ]
      },
      "/home/vicen/projects/ruby/kanbanflow/app/channels/application_cable/connection.rb": {
        "lines": [
          0,
          0,
          0,
          null,
          0,
          0,
          0,
          null,
          0,
          0,
          0,
          0,
          0,
          0,
          0,
          0
        ],
        "branches": {}
      },
      "/home/vicen/projects/ruby/kanbanflow/app/controllers/api/v1/users_controller.rb": {
        "lines": [
          0,
          0,
          null,
          0,
          0,
          0,
          0,
          0,
          0,
          0,
          0,
          0,
          0,
          0,
          0,
          0
        ],
        "branches": {}
      },
      "/home/vicen/projects/ruby/kanbanflow/app/controllers/passwords_controller.rb": {
        "lines": [
          0,
          0,
          0,
          0,
          null,
          0,
          0,
          null,
          0,
          0,
          0,
          0,
          null,
          0,
          0,
          null,
          0,
          0,
          null,
          0,
          0,
          0,
          0,
          0,
          0,
          0,
          0,
          null,
          0,
          0,
          0,
          0,
          0,
          0,
          0
        ],
        "branches": {}
      },
      "/home/vicen/projects/ruby/kanbanflow/app/controllers/registrations_controller.rb": {
        "lines": [
          0,
          0,
          null,
          0,
          0,
          0,
          null,
          0,
          0,
          0,
          0,
          0,
          0,
          0,
          0,
          0,
          null,
          0,
          null,
          0,
          0,
          0,
          0
        ],
        "branches": {}
      },
      "/home/vicen/projects/ruby/kanbanflow/app/jobs/application_job.rb": {
        "lines": [
          0,
          null,
          null,
          null,
          null,
          null,
          0
        ],
        "branches": {}
      },
      "/home/vicen/projects/ruby/kanbanflow/app/mailers/application_mailer.rb": {
        "lines": [
          0,
          0,
          0,
          0
        ],
        "branches": {}
      },
      "/home/vicen/projects/ruby/kanbanflow/app/mailers/passwords_mailer.rb": {
        "lines": [
          0,
          0,
          0,
          0,
          0,
          0
        ],
        "branches": {}
      }
    },
    "timestamp": 1780148569
  }
}
